0 info it worked if it ends with ok
1 verbose cli [ '/usr/bin/node', '/usr/bin/npm', 'start' ]
2 info using npm@3.10.10
3 info using node@v6.11.3
4 verbose config Skipping project config: /home/rickygoals/.npmrc. (matches userconfig)
5 verbose run-script [ 'prestart', 'start', 'poststart' ]
6 info lifecycle website-using-express@0.0.1~prestart: website-using-express@0.0.1
7 silly lifecycle website-using-express@0.0.1~prestart: no script for prestart, continuing
8 info lifecycle website-using-express@0.0.1~start: website-using-express@0.0.1
9 verbose lifecycle website-using-express@0.0.1~start: unsafe-perm in lifecycle true
10 verbose lifecycle website-using-express@0.0.1~start: PATH: /home/rickygoals/Downloads/node-v6.11.3-linux-x64/lib/node_modules/npm/bin/node-gyp-bin:/home/rickygoals/node_modules/.bin:~/.npm-global/bin:~/idea-IU-171.3780.107/bin:/usr/local/sbin:/usr/sbin:/sbin:/usr/local/bin:/usr/bin:/bin:/usr/local/games:/usr/games:/usr/lib/jvm/java-8-oracle/bin:/usr/lib/jvm/java-8-oracle/db/bin:/usr/lib/jvm/java-8-oracle/jre/bin:/home/rickygoals/idea-IU-171.3780.107/bin
11 verbose lifecycle website-using-express@0.0.1~start: CWD: /home/rickygoals
12 silly lifecycle website-using-express@0.0.1~start: Args: [ '-c', 'node Server.js' ]
13 silly lifecycle website-using-express@0.0.1~start: Returned: code: 1  signal: null
14 info lifecycle website-using-express@0.0.1~start: Failed to exec start script
15 verbose stack Error: website-using-express@0.0.1 start: `node Server.js`
15 verbose stack Exit status 1
15 verbose stack     at EventEmitter.<anonymous> (/home/rickygoals/Downloads/node-v6.11.3-linux-x64/lib/node_modules/npm/lib/utils/lifecycle.js:255:16)
15 verbose stack     at emitTwo (events.js:106:13)
15 verbose stack     at EventEmitter.emit (events.js:191:7)
15 verbose stack     at ChildProcess.<anonymous> (/home/rickygoals/Downloads/node-v6.11.3-linux-x64/lib/node_modules/npm/lib/utils/spawn.js:40:14)
15 verbose stack     at emitTwo (events.js:106:13)
15 verbose stack     at ChildProcess.emit (events.js:191:7)
15 verbose stack     at maybeClose (internal/child_process.js:920:16)
15 verbose stack     at Process.ChildProcess._handle.onexit (internal/child_process.js:230:5)
16 verbose pkgid website-using-express@0.0.1
17 verbose cwd /home/rickygoals/Documents/csc600
18 error Linux 3.16.0-4-amd64
19 error argv "/usr/bin/node" "/usr/bin/npm" "start"
20 error node v6.11.3
21 error npm  v3.10.10
22 error code ELIFECYCLE
23 error website-using-express@0.0.1 start: `node Server.js`
23 error Exit status 1
24 error Failed at the website-using-express@0.0.1 start script 'node Server.js'.
24 error Make sure you have the latest version of node.js and npm installed.
24 error If you do, this is most likely a problem with the website-using-express package,
24 error not with npm itself.
24 error Tell the author that this fails on your system:
24 error     node Server.js
24 error You can get information on how to open an issue for this project with:
24 error     npm bugs website-using-express
24 error Or if that isn't available, you can get their info via:
24 error     npm owner ls website-using-express
24 error There is likely additional logging output above.
25 verbose exit [ 1, true ]
